<?xml version="1.0" encoding="UTF-8"?>
<!-- Generated by org.testng.reporters.JUnitXMLReporter -->
<testsuite hostname="LAPTOP-EJC3T0RU" ignored="0" name="Default test" tests="3" failures="0" timestamp="21 Jan 2023 12:48:41 GMT" time="14.661" errors="0">
  <testcase name="login" time="1.035" classname="org.hotel.Testng"/>
  <testcase name="SearchHotels" time="1.842" classname="org.hotel.Testng"/>
  <testcase name="Shotel" time="0.621" classname="org.hotel.Testng"/>
</testsuite> <!-- Default test -->
