<?xml version="1.0" encoding="UTF-8"?>
<testng-results skipped="0" failed="0" ignored="0" total="3" passed="3">
  <reporter-output>
  </reporter-output>
  <suite name="Default suite" duration-ms="14661" started-at="2023-01-21T12:48:26Z" finished-at="2023-01-21T12:48:41Z">
    <groups>
    </groups>
    <test name="Default test" duration-ms="14661" started-at="2023-01-21T12:48:26Z" finished-at="2023-01-21T12:48:41Z">
      <class name="org.hotel.Testng">
        <test-method status="PASS" signature="browser()[pri:0, instance:org.hotel.Testng@63753b6d]" name="browser" is-config="true" duration-ms="11098" started-at="2023-01-21T12:48:26Z" finished-at="2023-01-21T12:48:37Z">
          <reporter-output>
          </reporter-output>
        </test-method> <!-- browser -->
        <test-method status="PASS" signature="login()[pri:-20, instance:org.hotel.Testng@63753b6d]" name="login" duration-ms="1035" started-at="2023-01-21T12:48:37Z" finished-at="2023-01-21T12:48:38Z">
          <reporter-output>
          </reporter-output>
        </test-method> <!-- login -->
        <test-method status="PASS" signature="beforeMethod()[pri:0, instance:org.hotel.Testng@63753b6d]" name="beforeMethod" is-config="true" duration-ms="0" started-at="2023-01-21T12:48:37Z" finished-at="2023-01-21T12:48:37Z">
          <reporter-output>
          </reporter-output>
        </test-method> <!-- beforeMethod -->
        <test-method status="PASS" signature="afterMethod()[pri:0, instance:org.hotel.Testng@63753b6d]" name="afterMethod" is-config="true" duration-ms="1" started-at="2023-01-21T12:48:38Z" finished-at="2023-01-21T12:48:38Z">
          <reporter-output>
          </reporter-output>
        </test-method> <!-- afterMethod -->
        <test-method status="PASS" signature="beforeMethod()[pri:0, instance:org.hotel.Testng@63753b6d]" name="beforeMethod" is-config="true" duration-ms="1" started-at="2023-01-21T12:48:38Z" finished-at="2023-01-21T12:48:38Z">
          <reporter-output>
          </reporter-output>
        </test-method> <!-- beforeMethod -->
        <test-method status="PASS" signature="SearchHotels()[pri:-15, instance:org.hotel.Testng@63753b6d]" name="SearchHotels" duration-ms="1842" started-at="2023-01-21T12:48:38Z" finished-at="2023-01-21T12:48:40Z">
          <reporter-output>
          </reporter-output>
        </test-method> <!-- SearchHotels -->
        <test-method status="PASS" signature="afterMethod()[pri:0, instance:org.hotel.Testng@63753b6d]" name="afterMethod" is-config="true" duration-ms="0" started-at="2023-01-21T12:48:40Z" finished-at="2023-01-21T12:48:40Z">
          <reporter-output>
          </reporter-output>
        </test-method> <!-- afterMethod -->
        <test-method status="PASS" signature="beforeMethod()[pri:0, instance:org.hotel.Testng@63753b6d]" name="beforeMethod" is-config="true" duration-ms="1" started-at="2023-01-21T12:48:40Z" finished-at="2023-01-21T12:48:40Z">
          <reporter-output>
          </reporter-output>
        </test-method> <!-- beforeMethod -->
        <test-method status="PASS" signature="Shotel()[pri:-10, instance:org.hotel.Testng@63753b6d]" name="Shotel" duration-ms="621" started-at="2023-01-21T12:48:40Z" finished-at="2023-01-21T12:48:41Z">
          <reporter-output>
          </reporter-output>
        </test-method> <!-- Shotel -->
        <test-method status="PASS" signature="afterMethod()[pri:0, instance:org.hotel.Testng@63753b6d]" name="afterMethod" is-config="true" duration-ms="1" started-at="2023-01-21T12:48:41Z" finished-at="2023-01-21T12:48:41Z">
          <reporter-output>
          </reporter-output>
        </test-method> <!-- afterMethod -->
        <test-method status="PASS" signature="afterClass()[pri:0, instance:org.hotel.Testng@63753b6d]" name="afterClass" is-config="true" duration-ms="1" started-at="2023-01-21T12:48:41Z" finished-at="2023-01-21T12:48:41Z">
          <reporter-output>
          </reporter-output>
        </test-method> <!-- afterClass -->
      </class> <!-- org.hotel.Testng -->
    </test> <!-- Default test -->
  </suite> <!-- Default suite -->
</testng-results>
